Performing C SOURCE FILE Test CMAKE_HAVE_LIBC_PTHREAD failed with the following output:
Change Dir: /home/andrespulido8/april_ws/src/bathydrone/simulation/tension_plugin/build/CMakeFiles/CMakeTmp

Run Build Command(s):/usr/bin/make cmTC_3912d/fast && /usr/bin/make -f CMakeFiles/cmTC_3912d.dir/build.make CMakeFiles/cmTC_3912d.dir/build
make[1]: Entering directory '/home/andrespulido8/april_ws/src/bathydrone/simulation/tension_plugin/build/CMakeFiles/CMakeTmp'
Building C object CMakeFiles/cmTC_3912d.dir/src.c.o
/usr/bin/cc   -DCMAKE_HAVE_LIBC_PTHREAD   -o CMakeFiles/cmTC_3912d.dir/src.c.o   -c /home/andrespulido8/april_ws/src/bathydrone/simulation/tension_plugin/build/CMakeFiles/CMakeTmp/src.c
Linking C executable cmTC_3912d
/usr/bin/cmake -E cmake_link_script CMakeFiles/cmTC_3912d.dir/link.txt --verbose=1
/usr/bin/cc  -DCMAKE_HAVE_LIBC_PTHREAD    -rdynamic CMakeFiles/cmTC_3912d.dir/src.c.o  -o cmTC_3912d 
/usr/bin/ld: CMakeFiles/cmTC_3912d.dir/src.c.o: in function `main':
src.c:(.text+0x35): undefined reference to `pthread_create'
/usr/bin/ld: src.c:(.text+0x41): undefined reference to `pthread_detach'
/usr/bin/ld: src.c:(.text+0x53): undefined reference to `pthread_join'
clang: error: linker command failed with exit code 1 (use -v to see invocation)
make[1]: *** [CMakeFiles/cmTC_3912d.dir/build.make:87: cmTC_3912d] Error 1
make[1]: Leaving directory '/home/andrespulido8/april_ws/src/bathydrone/simulation/tension_plugin/build/CMakeFiles/CMakeTmp'
make: *** [Makefile:121: cmTC_3912d/fast] Error 2


Source file was:
#include <pthread.h>

void* test_func(void* data)
{
  return data;
}

int main(void)
{
  pthread_t thread;
  pthread_create(&thread, NULL, test_func, NULL);
  pthread_detach(thread);
  pthread_join(thread, NULL);
  pthread_atfork(NULL, NULL, NULL);
  pthread_exit(NULL);

  return 0;
}

Determining if the function pthread_create exists in the pthreads failed with the following output:
Change Dir: /home/andrespulido8/april_ws/src/bathydrone/simulation/tension_plugin/build/CMakeFiles/CMakeTmp

Run Build Command(s):/usr/bin/make cmTC_05ad0/fast && /usr/bin/make -f CMakeFiles/cmTC_05ad0.dir/build.make CMakeFiles/cmTC_05ad0.dir/build
make[1]: Entering directory '/home/andrespulido8/april_ws/src/bathydrone/simulation/tension_plugin/build/CMakeFiles/CMakeTmp'
Building C object CMakeFiles/cmTC_05ad0.dir/CheckFunctionExists.c.o
/usr/bin/cc   -DCHECK_FUNCTION_EXISTS=pthread_create   -o CMakeFiles/cmTC_05ad0.dir/CheckFunctionExists.c.o   -c /usr/share/cmake-3.16/Modules/CheckFunctionExists.c
Linking C executable cmTC_05ad0
/usr/bin/cmake -E cmake_link_script CMakeFiles/cmTC_05ad0.dir/link.txt --verbose=1
/usr/bin/cc  -DCHECK_FUNCTION_EXISTS=pthread_create    -rdynamic CMakeFiles/cmTC_05ad0.dir/CheckFunctionExists.c.o  -o cmTC_05ad0  -lpthreads 
/usr/bin/ld: cannot find -lpthreads
clang: error: linker command failed with exit code 1 (use -v to see invocation)
make[1]: *** [CMakeFiles/cmTC_05ad0.dir/build.make:87: cmTC_05ad0] Error 1
make[1]: Leaving directory '/home/andrespulido8/april_ws/src/bathydrone/simulation/tension_plugin/build/CMakeFiles/CMakeTmp'
make: *** [Makefile:121: cmTC_05ad0/fast] Error 2



